16:46:18.740 [main] INFO  org.testng.internal.Utils - [TestNG] Running:
  D:\MavenProject\openCart\opencarttestng.xml

16:46:18.933 [main] INFO  testCases.Login_DDT - Launching Browser
16:46:20.378 [main] INFO  testCases.Login_DDT - Opening Application
16:46:23.279 [main] INFO  testCases.Login_DDT - Starting Login Test....
16:46:23.294 [main] INFO  testCases.Login_DDT - Click My Account in Home Page....
16:46:23.354 [main] INFO  testCases.Login_DDT - Click Login link under MyAccount....
16:46:23.788 [main] INFO  testCases.Login_DDT - Enter Login details and submit....
16:46:26.053 [main] INFO  testCases.Login_DDT - Validate Login Test....
16:46:26.812 [main] INFO  testCases.Login_DDT - Starting Login Test....
16:46:26.814 [main] INFO  testCases.Login_DDT - Click My Account in Home Page....
16:46:26.866 [main] INFO  testCases.Login_DDT - Click Login link under MyAccount....
16:46:27.267 [main] INFO  testCases.Login_DDT - Enter Login details and submit....
16:46:28.009 [main] INFO  testCases.Login_DDT - Validate Login Test....
16:46:38.050 [main] INFO  testCases.Login_DDT - Starting Login Test....
16:46:38.050 [main] INFO  testCases.Login_DDT - Click My Account in Home Page....
16:46:38.128 [main] INFO  testCases.Login_DDT - Click Login link under MyAccount....
16:46:41.031 [main] INFO  testCases.Login_DDT - Enter Login details and submit....
16:46:41.940 [main] INFO  testCases.Login_DDT - Validate Login Test....
16:46:52.180 [main] INFO  testCases.Login_DDT - Starting Login Test....
16:46:52.180 [main] INFO  testCases.Login_DDT - Click My Account in Home Page....
16:46:52.255 [main] INFO  testCases.Login_DDT - Click Login link under MyAccount....
16:46:53.186 [main] INFO  testCases.Login_DDT - Enter Login details and submit....
16:46:54.001 [main] INFO  testCases.Login_DDT - Validate Login Test....
16:47:04.021 [main] INFO  testCases.Login_DDT - Starting Login Test....
16:47:04.021 [main] INFO  testCases.Login_DDT - Click My Account in Home Page....
16:47:04.171 [main] INFO  testCases.Login_DDT - Click Login link under MyAccount....
16:47:04.862 [main] INFO  testCases.Login_DDT - Enter Login details and submit....
16:47:07.311 [main] INFO  testCases.Login_DDT - Validate Login Test....
16:15:15.445 [main] INFO  org.testng.internal.Utils - [TestNG] Running:
  D:\MavenProject\openCart\opencarttestng.xml

16:15:15.716 [main] INFO  testCases.TC002_LoginTest - Launching Browser
16:15:30.295 [main] INFO  testCases.TC002_LoginTest - Opening Application
16:16:12.815 [main] ERROR testCases.TC002_LoginTest - unknown error: net::ERR_CONNECTION_TIMED_OUT
  (Session info: chrome=129.0.6668.100)
Build info: version: '4.22.0', revision: 'c5f3146703*'
System info: os.name: 'Windows 11', os.arch: 'amd64', os.version: '10.0', java.version: '22.0.1'
Driver info: org.openqa.selenium.chrome.ChromeDriver
Command: [7c2a8c0a076dbed7fc6e30b8d72610a7, get {url=https://tutorialsninja.com/demo/}]
Capabilities {acceptInsecureCerts: false, browserName: chrome, browserVersion: 129.0.6668.100, chrome: {chromedriverVersion: 129.0.6668.100 (cf58cba358d..., userDataDir: C:\Users\sunil\AppData\Loca...}, fedcm:accounts: true, goog:chromeOptions: {debuggerAddress: localhost:54325}, networkConnectionEnabled: false, pageLoadStrategy: normal, platformName: windows, proxy: Proxy(), se:cdp: ws://localhost:54325/devtoo..., se:cdpVersion: 129.0.6668.100, setWindowRect: true, strictFileInteractability: false, timeouts: {implicit: 0, pageLoad: 300000, script: 30000}, unhandledPromptBehavior: dismiss and notify, webauthn:extension:credBlob: true, webauthn:extension:largeBlob: true, webauthn:extension:minPinLength: true, webauthn:extension:prf: true, webauthn:virtualAuthenticators: true}
Session ID: 7c2a8c0a076dbed7fc6e30b8d72610a7
16:16:12.838 [main] INFO  testCases.TC002_LoginTest - Starting Login Test....
16:16:12.862 [main] INFO  testCases.TC002_LoginTest - Click My Account in Home Page....
16:16:22.927 [main] INFO  testCases.TC002_LoginTest - Login Test Failed
16:16:22.927 [main] ERROR testCases.TC002_LoginTest - no such element: Unable to locate element: {"method":"xpath","selector":"//span[normalize-space()='My Account']"}
  (Session info: chrome=129.0.6668.100)
For documentation on this error, please visit: https://www.selenium.dev/documentation/webdriver/troubleshooting/errors#no-such-element-exception
Build info: version: '4.22.0', revision: 'c5f3146703*'
System info: os.name: 'Windows 11', os.arch: 'amd64', os.version: '10.0', java.version: '22.0.1'
Driver info: org.openqa.selenium.chrome.ChromeDriver
Command: [7c2a8c0a076dbed7fc6e30b8d72610a7, findElement {using=xpath, value=//span[normalize-space()='My Account']}]
Capabilities {acceptInsecureCerts: false, browserName: chrome, browserVersion: 129.0.6668.100, chrome: {chromedriverVersion: 129.0.6668.100 (cf58cba358d..., userDataDir: C:\Users\sunil\AppData\Loca...}, fedcm:accounts: true, goog:chromeOptions: {debuggerAddress: localhost:54325}, networkConnectionEnabled: false, pageLoadStrategy: normal, platformName: windows, proxy: Proxy(), se:cdp: ws://localhost:54325/devtoo..., se:cdpVersion: 129.0.6668.100, setWindowRect: true, strictFileInteractability: false, timeouts: {implicit: 0, pageLoad: 300000, script: 30000}, unhandledPromptBehavior: dismiss and notify, webauthn:extension:credBlob: true, webauthn:extension:largeBlob: true, webauthn:extension:minPinLength: true, webauthn:extension:prf: true, webauthn:virtualAuthenticators: true}
Session ID: 7c2a8c0a076dbed7fc6e30b8d72610a7
