16:26:10.173 [main] INFO  testCases.Login_DDT - Validate Login Test....
15:18:20.715 [main] INFO  testCases.TC001_RegisterAccountTest - Launching Browser
15:18:34.623 [main] INFO  testCases.TC001_RegisterAccountTest - Opening Application
15:18:37.530 [main] INFO  testCases.TC001_RegisterAccountTest - Starting TC001 Test....	
15:18:40.867 [main] INFO  testCases.TC001_RegisterAccountTest - Filling Registration Details....
15:18:42.484 [main] INFO  testCases.TC001_RegisterAccountTest - Validating Test Case....
15:18:42.486 [main] INFO  testCases.TC001_RegisterAccountTest - Finished Test Case....
15:18:42.747 [main] INFO  testCases.TC002_LoginTest - Launching Browser
15:18:43.777 [main] INFO  testCases.TC002_LoginTest - Opening Application
15:18:46.017 [main] INFO  testCases.TC002_LoginTest - Starting Login Test....
15:18:46.017 [main] INFO  testCases.TC002_LoginTest - Click My Account in Home Page....
15:18:46.095 [main] INFO  testCases.TC002_LoginTest - Click Login link under MyAccount....
15:18:46.577 [main] INFO  testCases.TC002_LoginTest - Enter Login details and submit....
15:18:47.642 [main] INFO  testCases.TC002_LoginTest - Validate Login Test....
15:22:25.959 [main] INFO  testCases.TC001_RegisterAccountTest - Launching Browser
15:22:27.475 [main] INFO  testCases.TC001_RegisterAccountTest - Opening Application
15:22:29.546 [main] INFO  testCases.TC001_RegisterAccountTest - Starting TC001 Test....	
15:22:32.830 [main] INFO  testCases.TC001_RegisterAccountTest - Filling Registration Details....
15:22:34.172 [main] INFO  testCases.TC001_RegisterAccountTest - Validating Test Case....
15:22:34.172 [main] INFO  testCases.TC001_RegisterAccountTest - Finished Test Case....
15:22:34.334 [main] INFO  testCases.TC002_LoginTest - Launching Browser
15:22:35.501 [main] INFO  testCases.TC002_LoginTest - Opening Application
15:22:37.843 [main] INFO  testCases.TC002_LoginTest - Starting Login Test....
15:22:37.843 [main] INFO  testCases.TC002_LoginTest - Click My Account in Home Page....
15:22:37.928 [main] INFO  testCases.TC002_LoginTest - Click Login link under MyAccount....
15:22:38.308 [main] INFO  testCases.TC002_LoginTest - Enter Login details and submit....
15:22:39.241 [main] INFO  testCases.TC002_LoginTest - Validate Login Test....
15:25:41.819 [main] INFO  testCases.TC001_RegisterAccountTest - Launching Browser
15:25:43.383 [main] INFO  testCases.TC001_RegisterAccountTest - Opening Application
15:25:45.863 [main] INFO  testCases.TC001_RegisterAccountTest - Starting TC001 Test....	
15:25:49.092 [main] INFO  testCases.TC001_RegisterAccountTest - Filling Registration Details....
15:25:50.574 [main] INFO  testCases.TC001_RegisterAccountTest - Validating Test Case....
15:25:50.582 [main] INFO  testCases.TC001_RegisterAccountTest - Finished Test Case....
15:25:50.728 [main] INFO  testCases.TC002_LoginTest - Launching Browser
15:25:51.888 [main] INFO  testCases.TC002_LoginTest - Opening Application
15:25:53.857 [main] INFO  testCases.TC002_LoginTest - Starting Login Test....
15:25:53.865 [main] INFO  testCases.TC002_LoginTest - Click My Account in Home Page....
15:25:53.951 [main] INFO  testCases.TC002_LoginTest - Click Login link under MyAccount....
15:25:54.397 [main] INFO  testCases.TC002_LoginTest - Enter Login details and submit....
15:25:56.383 [main] INFO  testCases.TC002_LoginTest - Validate Login Test....
