16:23:46.072 [main] INFO  testCases.TC002_LoginTest - Click Login link under MyAccount....
16:23:46.478 [main] INFO  testCases.TC002_LoginTest - Enter Login details and submit....
16:23:47.558 [main] INFO  testCases.TC002_LoginTest - Validate Login Test....
16:23:47.858 [main] INFO  testCases.Login_DDT - Launching Browser
16:23:48.913 [main] INFO  testCases.Login_DDT - Opening Application
16:23:51.792 [main] INFO  testCases.Login_DDT - Starting Login Test....
16:23:51.792 [main] INFO  testCases.Login_DDT - Click My Account in Home Page....
16:23:51.858 [main] INFO  testCases.Login_DDT - Click Login link under MyAccount....
16:23:52.332 [main] INFO  testCases.Login_DDT - Enter Login details and submit....
16:23:53.394 [main] INFO  testCases.Login_DDT - Validate Login Test....
16:23:54.184 [main] INFO  testCases.Login_DDT - Starting Login Test....
16:23:54.186 [main] INFO  testCases.Login_DDT - Click My Account in Home Page....
16:23:54.241 [main] INFO  testCases.Login_DDT - Click Login link under MyAccount....
16:23:54.600 [main] INFO  testCases.Login_DDT - Enter Login details and submit....
16:23:55.600 [main] INFO  testCases.Login_DDT - Validate Login Test....
16:24:05.637 [main] INFO  testCases.Login_DDT - Starting Login Test....
16:24:05.637 [main] INFO  testCases.Login_DDT - Click My Account in Home Page....
16:24:05.733 [main] INFO  testCases.Login_DDT - Click Login link under MyAccount....
16:24:06.105 [main] INFO  testCases.Login_DDT - Enter Login details and submit....
16:24:07.390 [main] INFO  testCases.Login_DDT - Validate Login Test....
16:24:17.616 [main] INFO  testCases.Login_DDT - Starting Login Test....
16:24:17.617 [main] INFO  testCases.Login_DDT - Click My Account in Home Page....
16:24:17.668 [main] INFO  testCases.Login_DDT - Click Login link under MyAccount....
16:24:18.376 [main] INFO  testCases.Login_DDT - Enter Login details and submit....
16:24:19.275 [main] INFO  testCases.Login_DDT - Validate Login Test....
16:24:29.328 [main] INFO  testCases.Login_DDT - Starting Login Test....
16:24:29.341 [main] INFO  testCases.Login_DDT - Click My Account in Home Page....
16:24:29.419 [main] INFO  testCases.Login_DDT - Click Login link under MyAccount....
16:24:30.333 [main] INFO  testCases.Login_DDT - Enter Login details and submit....
16:24:31.580 [main] INFO  testCases.Login_DDT - Validate Login Test....
16:25:20.417 [main] INFO  testCases.TC002_LoginTest - Launching Browser
16:25:21.739 [main] INFO  testCases.TC002_LoginTest - Opening Application
16:25:23.880 [main] INFO  testCases.TC002_LoginTest - Starting Login Test....
16:25:23.914 [main] INFO  testCases.TC002_LoginTest - Click My Account in Home Page....
16:25:24.011 [main] INFO  testCases.TC002_LoginTest - Click Login link under MyAccount....
16:25:24.504 [main] INFO  testCases.TC002_LoginTest - Enter Login details and submit....
16:25:25.526 [main] INFO  testCases.TC002_LoginTest - Validate Login Test....
16:25:25.841 [main] INFO  testCases.Login_DDT - Launching Browser
16:25:26.955 [main] INFO  testCases.Login_DDT - Opening Application
16:25:30.658 [main] INFO  testCases.Login_DDT - Starting Login Test....
16:25:30.658 [main] INFO  testCases.Login_DDT - Click My Account in Home Page....
16:25:30.728 [main] INFO  testCases.Login_DDT - Click Login link under MyAccount....
16:25:31.144 [main] INFO  testCases.Login_DDT - Enter Login details and submit....
16:25:32.230 [main] INFO  testCases.Login_DDT - Validate Login Test....
16:25:32.984 [main] INFO  testCases.Login_DDT - Starting Login Test....
16:25:32.985 [main] INFO  testCases.Login_DDT - Click My Account in Home Page....
16:25:33.038 [main] INFO  testCases.Login_DDT - Click Login link under MyAccount....
16:25:33.405 [main] INFO  testCases.Login_DDT - Enter Login details and submit....
16:25:34.178 [main] INFO  testCases.Login_DDT - Validate Login Test....
16:25:44.273 [main] INFO  testCases.Login_DDT - Starting Login Test....
16:25:44.288 [main] INFO  testCases.Login_DDT - Click My Account in Home Page....
16:25:44.356 [main] INFO  testCases.Login_DDT - Click Login link under MyAccount....
16:25:45.114 [main] INFO  testCases.Login_DDT - Enter Login details and submit....
16:25:45.825 [main] INFO  testCases.Login_DDT - Validate Login Test....
16:25:56.091 [main] INFO  testCases.Login_DDT - Starting Login Test....
16:25:56.091 [main] INFO  testCases.Login_DDT - Click My Account in Home Page....
16:25:56.163 [main] INFO  testCases.Login_DDT - Click Login link under MyAccount....
16:25:56.885 [main] INFO  testCases.Login_DDT - Enter Login details and submit....
16:25:58.132 [main] INFO  testCases.Login_DDT - Validate Login Test....
16:26:08.185 [main] INFO  testCases.Login_DDT - Starting Login Test....
16:26:08.185 [main] INFO  testCases.Login_DDT - Click My Account in Home Page....
16:26:08.282 [main] INFO  testCases.Login_DDT - Click Login link under MyAccount....
16:26:09.238 [main] INFO  testCases.Login_DDT - Enter Login details and submit....
