11:42:25.856 [main] INFO  testCases.TC002_LoginTest - Enter Login details and submit....
11:42:27.035 [main] INFO  testCases.TC002_LoginTest - Validate Login Test....
11:52:59.202 [main] INFO  org.testng.internal.Utils - [TestNG] Running:
  D:\MavenProject\openCart\grouptestng.xml

11:52:59.421 [main] INFO  testCases.TC002_LoginTest - Launching Browser
11:53:00.924 [main] INFO  testCases.TC002_LoginTest - Opening Application
11:53:03.362 [main] INFO  testCases.TC002_LoginTest - Starting Login Test....
11:53:03.381 [main] INFO  testCases.TC002_LoginTest - Click My Account in Home Page....
11:53:03.499 [main] INFO  testCases.TC002_LoginTest - Click Login link under MyAccount....
11:53:04.007 [main] INFO  testCases.TC002_LoginTest - Enter Login details and submit....
11:53:05.176 [main] INFO  testCases.TC002_LoginTest - Validate Login Test....
11:53:05.490 [main] INFO  testCases.Login_DDT - Launching Browser
11:53:06.567 [main] INFO  testCases.Login_DDT - Opening Application
11:53:09.586 [main] INFO  testCases.Login_DDT - Starting Login Test....
11:53:09.586 [main] INFO  testCases.Login_DDT - Click My Account in Home Page....
11:53:09.651 [main] INFO  testCases.Login_DDT - Click Login link under MyAccount....
11:53:10.034 [main] INFO  testCases.Login_DDT - Enter Login details and submit....
11:53:11.145 [main] INFO  testCases.Login_DDT - Validate Login Test....
11:53:11.901 [main] INFO  testCases.Login_DDT - Starting Login Test....
11:53:11.901 [main] INFO  testCases.Login_DDT - Click My Account in Home Page....
11:53:11.960 [main] INFO  testCases.Login_DDT - Click Login link under MyAccount....
11:53:12.401 [main] INFO  testCases.Login_DDT - Enter Login details and submit....
11:53:13.532 [main] INFO  testCases.Login_DDT - Validate Login Test....
11:53:23.655 [main] INFO  testCases.Login_DDT - Starting Login Test....
11:53:23.655 [main] INFO  testCases.Login_DDT - Click My Account in Home Page....
11:53:23.758 [main] INFO  testCases.Login_DDT - Click Login link under MyAccount....
11:53:24.175 [main] INFO  testCases.Login_DDT - Enter Login details and submit....
11:53:25.135 [main] INFO  testCases.Login_DDT - Validate Login Test....
11:53:35.425 [main] INFO  testCases.Login_DDT - Starting Login Test....
11:53:35.428 [main] INFO  testCases.Login_DDT - Click My Account in Home Page....
11:53:35.513 [main] INFO  testCases.Login_DDT - Click Login link under MyAccount....
11:53:36.502 [main] INFO  testCases.Login_DDT - Enter Login details and submit....
11:53:37.539 [main] INFO  testCases.Login_DDT - Validate Login Test....
11:53:47.639 [main] INFO  testCases.Login_DDT - Starting Login Test....
11:53:47.641 [main] INFO  testCases.Login_DDT - Click My Account in Home Page....
11:53:47.754 [main] INFO  testCases.Login_DDT - Click Login link under MyAccount....
11:53:48.673 [main] INFO  testCases.Login_DDT - Enter Login details and submit....
11:53:49.721 [main] INFO  testCases.Login_DDT - Validate Login Test....
12:02:46.198 [main] INFO  org.testng.internal.Utils - [TestNG] Running:
  D:\MavenProject\openCart\opencarttestngParallel.xml

12:02:46.469 [TestNG-tests-2] INFO  testCases.TC002_LoginTest - Launching Browser
12:02:46.469 [TestNG-tests-1] INFO  testCases.TC002_LoginTest - Launching Browser
12:02:46.474 [TestNG-tests-3] INFO  testCases.TC002_LoginTest - Launching Browser
12:02:48.314 [TestNG-tests-1] INFO  testCases.TC002_LoginTest - Opening Application
12:02:50.300 [TestNG-tests-3] INFO  testCases.TC002_LoginTest - Opening Application
12:02:52.593 [TestNG-tests-1] INFO  testCases.TC002_LoginTest - Starting Login Test....
12:02:52.605 [TestNG-tests-3] INFO  testCases.TC002_LoginTest - Starting Login Test....
12:02:52.605 [TestNG-tests-3] INFO  testCases.TC002_LoginTest - Click My Account in Home Page....
12:02:52.605 [TestNG-tests-1] INFO  testCases.TC002_LoginTest - Click My Account in Home Page....
12:02:52.880 [TestNG-tests-1] INFO  testCases.TC002_LoginTest - Click Login link under MyAccount....
12:02:53.098 [TestNG-tests-3] INFO  testCases.TC002_LoginTest - Click Login link under MyAccount....
12:02:53.297 [TestNG-tests-1] INFO  testCases.TC002_LoginTest - Login Test Failed
12:02:53.298 [TestNG-tests-1] ERROR testCases.TC002_LoginTest - Element <a href="https://tutorialsninja.com/demo/index.php?route=account/login"> could not be scrolled into view
Build info: version: '4.22.0', revision: 'c5f3146703*'
System info: os.name: 'Windows 11', os.arch: 'amd64', os.version: '10.0', java.version: '22.0.1'
Driver info: org.openqa.selenium.remote.RemoteWebDriver
Command: [1bcc2d22-13f8-4d33-a1ac-7a7fdaaa361b, clickElement {id=5ff7f484-d6f6-42dd-a8ba-d334d64645f0}]
Capabilities {acceptInsecureCerts: false, browserName: firefox, browserVersion: 130.0.1, moz:accessibilityChecks: false, moz:buildID: 20240913135723, moz:geckodriverVersion: 0.35.0, moz:headless: false, moz:platformVersion: 10.0, moz:processID: 17364, moz:profile: C:\Users\sunil\AppData\Loca..., moz:shutdownTimeout: 60000, moz:webdriverClick: true, moz:windowless: false, pageLoadStrategy: normal, platformName: Windows 11, proxy: Proxy(), se:bidiEnabled: false, se:cdp: ws://192.168.1.105:4444/ses..., setWindowRect: true, strictFileInteractability: false, timeouts: {implicit: 0, pageLoad: 300000, script: 30000}, unhandledPromptBehavior: dismiss and notify, userAgent: Mozilla/5.0 (Windows NT 10....}
Element: [[RemoteWebDriver: firefox on Windows 11 (1bcc2d22-13f8-4d33-a1ac-7a7fdaaa361b)] -> xpath: //ul[@class='dropdown-menu dropdown-menu-right']//a[normalize-space()='Login']]
Session ID: 1bcc2d22-13f8-4d33-a1ac-7a7fdaaa361b
