14:56:48.141 [main] INFO  org.testng.internal.Utils - [TestNG] Running:
  D:\MavenProject\openCart\opencarttestng.xml

14:56:48.187 [main] INFO  testCases.TC002_LoginTest - Launching Browser
14:56:49.498 [main] INFO  testCases.TC002_LoginTest - Opening Application
14:56:51.665 [main] INFO  testCases.TC002_LoginTest - Starting Login Test....
14:56:51.673 [main] INFO  testCases.TC002_LoginTest - Click My Account in Home Page....
14:56:51.720 [main] INFO  testCases.TC002_LoginTest - Click Login link under MyAccount....
14:56:52.101 [main] INFO  testCases.TC002_LoginTest - Enter Login details and submit....
14:56:53.015 [main] INFO  testCases.TC002_LoginTest - Validate Login Test....
14:57:30.810 [main] INFO  org.testng.internal.Utils - [TestNG] Running:
  D:\MavenProject\openCart\opencarttestng.xml

14:57:30.859 [main] INFO  testCases.TC002_LoginTest - Launching Browser
14:57:32.224 [main] INFO  testCases.TC002_LoginTest - Opening Application
14:57:34.393 [main] INFO  testCases.TC002_LoginTest - Starting Login Test....
14:57:34.405 [main] INFO  testCases.TC002_LoginTest - Click My Account in Home Page....
14:57:34.475 [main] INFO  testCases.TC002_LoginTest - Click Login link under MyAccount....
14:57:34.904 [main] INFO  testCases.TC002_LoginTest - Enter Login details and submit....
14:57:35.876 [main] INFO  testCases.TC002_LoginTest - Validate Login Test....
15:04:40.755 [main] INFO  org.testng.internal.Utils - [TestNG] Running:
  D:\MavenProject\openCart\opencarttestngParallel.xml

15:04:40.809 [TestNG-tests-3] INFO  testCases.TC002_LoginTest - Launching Browser
15:04:40.809 [TestNG-tests-2] INFO  testCases.TC002_LoginTest - Launching Browser
15:04:40.809 [TestNG-tests-1] INFO  testCases.TC002_LoginTest - Launching Browser
15:04:42.408 [TestNG-tests-1] INFO  testCases.TC002_LoginTest - Opening Application
15:04:43.963 [TestNG-tests-3] INFO  testCases.TC002_LoginTest - Opening Application
15:05:06.570 [TestNG-tests-1] INFO  testCases.TC002_LoginTest - Starting Login Test....
15:05:06.594 [TestNG-tests-1] INFO  testCases.TC002_LoginTest - Click My Account in Home Page....
15:05:06.662 [TestNG-tests-1] INFO  testCases.TC002_LoginTest - Click Login link under MyAccount....
15:05:07.706 [TestNG-tests-1] INFO  testCases.TC002_LoginTest - Enter Login details and submit....
15:05:10.155 [TestNG-tests-1] INFO  testCases.TC002_LoginTest - Validate Login Test....
15:05:13.364 [TestNG-tests-3] INFO  testCases.TC002_LoginTest - Starting Login Test....
15:05:13.364 [TestNG-tests-3] INFO  testCases.TC002_LoginTest - Click My Account in Home Page....
15:05:13.634 [TestNG-tests-3] INFO  testCases.TC002_LoginTest - Click Login link under MyAccount....
15:05:14.088 [TestNG-tests-3] INFO  testCases.TC002_LoginTest - Enter Login details and submit....
15:05:16.018 [TestNG-tests-3] INFO  testCases.TC002_LoginTest - Validate Login Test....
15:05:29.172 [TestNG-tests-2] INFO  testCases.TC002_LoginTest - Opening Application
15:05:42.804 [TestNG-tests-2] INFO  testCases.TC002_LoginTest - Starting Login Test....
15:05:42.805 [TestNG-tests-2] INFO  testCases.TC002_LoginTest - Click My Account in Home Page....
15:05:42.967 [TestNG-tests-2] INFO  testCases.TC002_LoginTest - Click Login link under MyAccount....
15:05:43.444 [TestNG-tests-2] INFO  testCases.TC002_LoginTest - Enter Login details and submit....
15:05:44.613 [TestNG-tests-2] INFO  testCases.TC002_LoginTest - Validate Login Test....
15:33:16.970 [main] INFO  org.testng.internal.Utils - [TestNG] Running:
  D:\MavenProject\openCart\opencarttestng.xml

15:33:17.030 [main] INFO  testCases.TC002_LoginTest - Launching Browser
15:33:22.507 [main] INFO  testCases.TC002_LoginTest - Opening Application
15:33:27.008 [main] INFO  testCases.TC002_LoginTest - Starting Login Test....
15:33:27.019 [main] INFO  testCases.TC002_LoginTest - Click My Account in Home Page....
15:33:27.082 [main] INFO  testCases.TC002_LoginTest - Click Login link under MyAccount....
15:33:27.430 [main] INFO  testCases.TC002_LoginTest - Enter Login details and submit....
15:33:28.366 [main] INFO  testCases.TC002_LoginTest - Validate Login Test....
15:41:27.031 [main] INFO  org.testng.internal.Utils - [TestNG] Running:
  D:\MavenProject\openCart\opencarttestng.xml

15:41:27.078 [main] INFO  testCases.Login_DDT - Launching Browser
15:41:29.371 [main] INFO  testCases.Login_DDT - Opening Application
15:41:32.620 [main] INFO  testCases.Login_DDT - Starting Login Test....
15:41:32.633 [main] INFO  testCases.Login_DDT - Click My Account in Home Page....
15:41:32.691 [main] INFO  testCases.Login_DDT - Click Login link under MyAccount....
15:41:33.040 [main] INFO  testCases.Login_DDT - Enter Login details and submit....
15:41:34.134 [main] INFO  testCases.Login_DDT - Validate Login Test....
15:41:34.813 [main] INFO  testCases.Login_DDT - Starting Login Test....
15:41:34.813 [main] INFO  testCases.Login_DDT - Click My Account in Home Page....
15:41:34.873 [main] INFO  testCases.Login_DDT - Click Login link under MyAccount....
